<?xml version="1.0" encoding="UTF-8"?>
<!-- Generated by org.testng.reporters.JUnitReportReporter -->
<testsuite hostname="ALNAYME" failures="0" tests="1" name="TestRunner11.TestRun11" time="10.748" errors="0" timestamp="2022-12-26T16:36:04 PST" skipped="0">
  <testcase classname="TestRunner11.TestRun11" name="feature" time="10.748"/>
  <system-out/>
</testsuite> <!-- TestRunner11.TestRun11 -->
